1675050575370	geckodriver	INFO	Listening on 127.0.0.1:59937
1675050578437	mozrunner::runner	INFO	Running command: "C:\\Program Files\\Mozilla Firefox\\firefox.exe" "--marionette" "--remote-debugging-port" "59938" "--remote-allow-hosts" "localhost" "-no-remote" "-profile" "C:\\Users\\40032118\\AppData\\Local\\Temp\\rust_mozprofileAqhr3Z"
1675050579025	Marionette	INFO	Marionette enabled
console.warn: SearchSettings: "get: No settings file exists, new profile?" (new NotFoundError("Could not open the file at C:\\Users\\40032118\\AppData\\Local\\Temp\\rust_mozprofileAqhr3Z\\search.json.mozlz4", (void 0)))
DevTools listening on ws://localhost:59938/devtools/browser/1165d79f-e64a-4705-a9ff-57cc933c07a7
1675050581350	Marionette	INFO	Listening on port 59962
Read port: 59962
1675050581444	RemoteAgent	WARN	TLS certificate errors will be ignored for this session
JavaScript error: https://www.chumbak.com/ line 52 > injectedScript, line 23: ReferenceError: smartech is not defined
JavaScript error: https://cdn.shopify.com/s/files/1/0601/1093/0098/t/60/assets/custom.js?v=111169970794598951331663753762&enable_js_minification=1, line 388: ReferenceError: membershipCartModal is not defined
1675050590179	Marionette	WARN	Ignoring event 'pageshow' because document has an invalid readyState of 'loading'.
JavaScript warning: https://cdnt.netcoresmartech.com/smartechcode.js?ver=3.32, line 435: unreachable code after return statement
JavaScript error: https://cdn.shopify.com/s/files/1/0601/1093/0098/t/60/assets/custom.js?v=111169970794598951331663753762&enable_js_minification=1, line 388: ReferenceError: membershipCartModal is not defined
JavaScript warning: https://cdnt.netcoresmartech.com/smartechcode.js?ver=3.32, line 435: unreachable code after return statement
JavaScript warning: https://cdnt.netcoresmartech.com/smartechcode.js?ver=3.32, line 435: unreachable code after return statement
JavaScript error: , line 0: TypeError: NetworkError when attempting to fetch resource.
JavaScript error: https://cdn.shopify.com/shopifycloud/shopify_chat/storefront/shopifyChatV1.js?api_env=production&button_color=%23202a36&button_style=icon&i=chat_bubble&p=bottom_right&shop_id=lJhT06yZe7yC-jKT1h5MGf99L9NZem_UfRJxf6Y8xfE&t=no_text&v=1&shop=chumbakdesign.myshopify.com, line 16: Error: Error completing request. A network failure may have prevented the request from completing. Error: TypeError: NetworkError when attempting to fetch resource.
JavaScript error: , line 0: TypeError: NetworkError when attempting to fetch resource.
JavaScript error: , line 0: TypeError: NetworkError when attempting to fetch resource.
JavaScript error: , line 0: TypeError: NetworkError when attempting to fetch resource.
JavaScript error: , line 0: TypeError: NetworkError when attempting to fetch resource.
JavaScript error: , line 0: TypeError: NetworkError when attempting to fetch resource.
JavaScript error: , line 0: TypeError: NetworkError when attempting to fetch resource.
JavaScript error: https://www.relove.in/script-tags/orders-page.js?shop=chumbakdesign.myshopify.com, line 1: SyntaxError: redeclaration of const shop_re
JavaScript warning: https://cdnt.netcoresmartech.com/smartechcode.js?ver=3.32, line 435: unreachable code after return statement
JavaScript warning: https://cdnt.netcoresmartech.com/smartechcode.js?ver=3.32, line 435: unreachable code after return statement
JavaScript error: https://cdn.shopify.com/s/files/1/0601/1093/0098/t/60/assets/custom.js?v=111169970794598951331663753762&enable_js_minification=1, line 388: ReferenceError: membershipCartModal is not defined
1675050594311	Marionette	WARN	Ignoring event 'pageshow' because document has an invalid readyState of 'loading'.
console.warn: LoginRecipes: "getRecipes: falling back to a synchronous message for:" "https://www.chumbak.com"
console.warn: LoginRecipes: "getRecipes: falling back to a synchronous message for:" "https://www.chumbak.com"
console.warn: LoginRecipes: "getRecipes: falling back to a synchronous message for:" "https://www.chumbak.com"
console.warn: LoginRecipes: "getRecipes: falling back to a synchronous message for:" "https://www.chumbak.com"
JavaScript error: https://cdn.jsdelivr.net/gh/apphq/slidecart-dist@latest/slidecarthq.js?1675050593773, line 49: Error: Request aborted
JavaScript error: , line 0: TypeError: NetworkError when attempting to fetch resource.
JavaScript error: , line 0: TypeError: NetworkError when attempting to fetch resource.
JavaScript error: , line 0: TypeError: NetworkError when attempting to fetch resource.
JavaScript error: , line 0: TypeError: NetworkError when attempting to fetch resource.
JavaScript error: , line 0: TypeError: NetworkError when attempting to fetch resource.
JavaScript error: , line 0: TypeError: NetworkError when attempting to fetch resource.
JavaScript error: https://www.relove.in/script-tags/orders-page.js?shop=chumbakdesign.myshopify.com, line 1: SyntaxError: redeclaration of const shop_re
1675050597225	Marionette	WARN	Ignoring event 'pageshow' because document has an invalid readyState of 'loading'.
1675050597454	Marionette	INFO	Stopped listening on port 59962

###!!! [Parent][PContentParent] Error: Send(msgname=PContent::Reply_DiscardBrowsingContext) Closed channel: cannot send/recv


###!!! [Parent][PContentParent] Error: Send(msgname=PContent::Reply_DiscardBrowsingContext) Closed channel: cannot send/recv


###!!! [Parent][PContentParent] Error: Send(msgname=PContent::Msg_DestroyBrowsingContextGroup) Closed channel: cannot send/recv


###!!! [Child][PContentChild] Error: Send(msgname=PHttpChannel::Msg_DeletingChannel) Channel closing: too late to send/recv, messages will be lost


###!!! [Child][PContentChild] Error: RunMessage(msgname=PHttpChannel::Msg_FailedAsyncOpen) Channel closing: too late to send/recv, messages will be lost


###!!! [Child][PContentChild] Error: RunMessage(msgname=PHttpChannel::Msg_FailedAsyncOpen) Channel closing: too late to send/recv, messages will be lost


###!!! [Child][PContentChild] Error: RunMessage(msgname=PHttpChannel::Msg_FailedAsyncOpen) Channel closing: too late to send/recv, messages will be lost


###!!! [Child][PContentChild] Error: Send(msgname=PNecko::Msg_RequestContextAfterDOMContentLoaded) Channel closing: too late to send/recv, messages will be lost


###!!! [Child][PContentChild] Error: RunMessage(msgname=PContent::Msg_DiscardBrowsingContext) Channel closing: too late to send/recv, messages will be lost


###!!! [Child][PContentChild] Error: RunMessage(msgname=PContent::Msg_DiscardBrowsingContext) Channel closing: too late to send/recv, messages will be lost


###!!! [Child][PContentChild] Error: Send(msgname=PHttpChannel::Msg_Cancel) Channel closing: too late to send/recv, messages will be lost


###!!! [Child][PContentChild] Error: Send(msgname=PHttpChannel::Msg_DeletingChannel) Channel closing: too late to send/recv, messages will be lost


###!!! [Child][PContentChild] Error: Send(msgname=PContent::Msg_ScriptError) Channel closing: too late to send/recv, messages will be lost


###!!! [Child][PContentChild] Error: RunMessage(msgname=PContent::Reply_DiscardBrowsingContext) Channel closing: too late to send/recv, messages will be lost


###!!! [Child][PContentChild] Error: RunMessage(msgname=PHttpChannel::Msg_DeleteSelf) Channel closing: too late to send/recv, messages will be lost


###!!! [Child][PContentChild] Error: Send(msgname=PContent::Msg_ScriptError) Channel closing: too late to send/recv, messages will be lost


###!!! [Child][PContentChild] Error: RunMessage(msgname=PHttpChannel::Msg_DeleteSelf) Channel closing: too late to send/recv, messages will be lost


###!!! [Child][PContentChild] Error: RunMessage(msgname=PHttpChannel::Msg_DeleteSelf) Channel closing: too late to send/recv, messages will be lost


###!!! [Child][PContentChild] Error: Send(msgname=PContent::Msg_ScriptError) Channel closing: too late to send/recv, messages will be lost


###!!! [Child][PContentChild] Error: Send(msgname=PContent::Msg_ScriptError) Channel closing: too late to send/recv, messages will be lost


###!!! [Child][PContentChild] Error: Send(msgname=PContent::Msg_ScriptError) Channel closing: too late to send/recv, messages will be lost


###!!! [Child][PContentChild] Error: Send(msgname=PContent::Msg_ScriptError) Channel closing: too late to send/recv, messages will be lost


###!!! [Child][PContentChild] Error: RunMessage(msgname=PHttpChannel::Msg_DeleteSelf) Channel closing: too late to send/recv, messages will be lost


###!!! [Child][PContentChild] Error: RunMessage(msgname=PHttpChannel::Msg_DeleteSelf) Channel closing: too late to send/recv, messages will be lost


###!!! [Child][PContentChild] Error: RunMessage(msgname=PHttpChannel::Msg_DeleteSelf) Channel closing: too late to send/recv, messages will be lost


###!!! [Child][PContentChild] Error: RunMessage(msgname=PHttpChannel::Msg_DeleteSelf) Channel closing: too late to send/recv, messages will be lost


###!!! [Child][PContentChild] Error: Send(msgname=PContent::Msg_ScriptError) Channel closing: too late to send/recv, messages will be lost


###!!! [Child][PContentChild] Error: RunMessage(msgname=PHttpChannel::Msg_DeleteSelf) Channel closing: too late to send/recv, messages will be lost

