1675050640270	geckodriver	INFO	Listening on 127.0.0.1:60274
1675050643299	mozrunner::runner	INFO	Running command: "C:\\Program Files\\Mozilla Firefox\\firefox.exe" "--marionette" "--remote-debugging-port" "60275" "--remote-allow-hosts" "localhost" "-no-remote" "-profile" "C:\\Users\\40032118\\AppData\\Local\\Temp\\rust_mozprofilenbVeu6"
1675050643901	Marionette	INFO	Marionette enabled
console.warn: SearchSettings: "get: No settings file exists, new profile?" (new NotFoundError("Could not open the file at C:\\Users\\40032118\\AppData\\Local\\Temp\\rust_mozprofilenbVeu6\\search.json.mozlz4", (void 0)))
DevTools listening on ws://localhost:60275/devtools/browser/f91431b0-4463-4578-b1a1-6a7f9d3d820b
1675050646612	Marionette	INFO	Listening on port 60304
Read port: 60304
1675050646664	RemoteAgent	WARN	TLS certificate errors will be ignored for this session
JavaScript error: https://cdn.shopify.com/s/files/1/0601/1093/0098/t/60/assets/custom.js?v=111169970794598951331663753762&enable_js_minification=1, line 388: ReferenceError: membershipCartModal is not defined
1675050654464	Marionette	WARN	Ignoring event 'pageshow' because document has an invalid readyState of 'loading'.
JavaScript warning: https://cdnt.netcoresmartech.com/smartechcode.js?ver=3.32, line 435: unreachable code after return statement
JavaScript warning: https://cdnt.netcoresmartech.com/smartechcode.js?ver=3.32, line 435: unreachable code after return statement
JavaScript error: https://cdn.shopify.com/s/files/1/0601/1093/0098/t/60/assets/custom.js?v=111169970794598951331663753762&enable_js_minification=1, line 388: ReferenceError: membershipCartModal is not defined
JavaScript error: https://cdn.jsdelivr.net/gh/apphq/slidecart-dist@latest/slidecarthq.js?1675050654806, line 49: Error: Request aborted
JavaScript error: , line 0: TypeError: NetworkError when attempting to fetch resource.
JavaScript error: , line 0: TypeError: NetworkError when attempting to fetch resource.
JavaScript error: , line 0: TypeError: NetworkError when attempting to fetch resource.
JavaScript error: https://cdn.shopify.com/shopifycloud/shopify_chat/storefront/shopifyChatV1.js?api_env=production&button_color=%23202a36&button_style=icon&i=chat_bubble&p=bottom_right&shop_id=lJhT06yZe7yC-jKT1h5MGf99L9NZem_UfRJxf6Y8xfE&t=no_text&v=1&shop=chumbakdesign.myshopify.com, line 16: Error: Error completing request. A network failure may have prevented the request from completing. Error: TypeError: NetworkError when attempting to fetch resource.
JavaScript error: , line 0: TypeError: NetworkError when attempting to fetch resource.
JavaScript error: , line 0: TypeError: NetworkError when attempting to fetch resource.
JavaScript error: https://www.chumbak.com/account/login?return_url=%2Faccount line 46 > injectedScript, line 23: ReferenceError: smartech is not defined
JavaScript warning: https://cdnt.netcoresmartech.com/smartechcode.js?ver=3.32, line 435: unreachable code after return statement
1675050662265	Marionette	WARN	Ignoring event 'pageshow' because document has an invalid readyState of 'loading'.
JavaScript error: https://cdn.shopify.com/s/files/1/0601/1093/0098/t/60/assets/custom.js?v=111169970794598951331663753762&enable_js_minification=1, line 388: ReferenceError: membershipCartModal is not defined
console.warn: LoginRecipes: "getRecipes: falling back to a synchronous message for:" "https://www.chumbak.com"
console.warn: LoginRecipes: "getRecipes: falling back to a synchronous message for:" "https://www.chumbak.com"
console.warn: LoginRecipes: "getRecipes: falling back to a synchronous message for:" "https://www.chumbak.com"
console.warn: LoginRecipes: "getRecipes: falling back to a synchronous message for:" "https://www.chumbak.com"
JavaScript error: , line 0: TypeError: NetworkError when attempting to fetch resource.
JavaScript error: , line 0: TypeError: NetworkError when attempting to fetch resource.
JavaScript error: , line 0: TypeError: NetworkError when attempting to fetch resource.
JavaScript error: , line 0: TypeError: NetworkError when attempting to fetch resource.
JavaScript error: https://www.relove.in/script-tags/orders-page.js?shop=chumbakdesign.myshopify.com, line 1: SyntaxError: redeclaration of const shop_re
JavaScript error: https://www.relove.in/script-tags/orders-page.js?shop=chumbakdesign.myshopify.com, line 1: SyntaxError: redeclaration of const shop_re
JavaScript warning: https://cdnt.netcoresmartech.com/smartechcode.js?ver=3.32, line 435: unreachable code after return statement
JavaScript warning: https://cdnt.netcoresmartech.com/smartechcode.js?ver=3.32, line 435: unreachable code after return statement
JavaScript error: https://cdn.myshopapps.com/iwish/iwishlist_v2.js, line 1: ReferenceError: iwish_cid is not defined
JavaScript error: https://cdnt.netcoresmartech.com/smartechcode.js?ver=3.32, line 1033: ReferenceError: smartech is not defined
JavaScript error: https://www.chumbak.com/account/register line 46 > injectedScript, line 23: ReferenceError: smartech is not defined
1675050666505	Marionette	WARN	Ignoring event 'pageshow' because document has an invalid readyState of 'loading'.
1675050666717	Marionette	INFO	Stopped listening on port 60304

###!!! [Child][PContentChild] Error: RunMessage(msgname=PHttpChannel::Msg_DeleteSelf) Channel closing: too late to send/recv, messages will be lost


###!!! [Child][PContentChild] Error: RunMessage(msgname=PHttpChannel::Msg_DeleteSelf) Channel closing: too late to send/recv, messages will be lost


###!!! [Parent][PContentParent] Error: Send(msgname=PContent::Msg_DestroyBrowsingContextGroup) Closed channel: cannot send/recv


###!!! [Child][PContentChild] Error: Send(msgname=PBrowser::Msg___delete__) Channel closing: too late to send/recv, messages will be lost


###!!! [Child][PContentChild] Error: RunMessage(msgname=PHttpChannel::Msg_DeleteSelf) Channel closing: too late to send/recv, messages will be lost


###!!! [Child][PContentChild] Error: RunMessage(msgname=PContent::Reply_DiscardBrowsingContext) Channel closing: too late to send/recv, messages will be lost


###!!! [Child][PContentChild] Error: RunMessage(msgname=PContent::Reply_DiscardBrowsingContext) Channel closing: too late to send/recv, messages will be lost

