1675050766810	geckodriver	INFO	Listening on 127.0.0.1:53736
1675050769871	mozrunner::runner	INFO	Running command: "C:\\Program Files\\Mozilla Firefox\\firefox.exe" "--marionette" "--remote-debugging-port" "53737" "--remote-allow-hosts" "localhost" "-no-remote" "-profile" "C:\\Users\\40032118\\AppData\\Local\\Temp\\rust_mozprofileclTwau"
1675050770398	Marionette	INFO	Marionette enabled
console.warn: SearchSettings: "get: No settings file exists, new profile?" (new NotFoundError("Could not open the file at C:\\Users\\40032118\\AppData\\Local\\Temp\\rust_mozprofileclTwau\\search.json.mozlz4", (void 0)))
DevTools listening on ws://localhost:53737/devtools/browser/9216c2a3-cee9-4bda-a069-e1e6d28d7f15
1675050773080	Marionette	INFO	Listening on port 50146
Read port: 50146
1675050773144	RemoteAgent	WARN	TLS certificate errors will be ignored for this session
console.error: Region.jsm: "Error fetching region" (new Error("TIMEOUT", "resource://gre/modules/Region.jsm", 772))
console.error: Region.jsm: "Failed to fetch region" (new Error("TIMEOUT", "resource://gre/modules/Region.jsm", 419))
JavaScript error: https://cdn.shopify.com/s/files/1/0601/1093/0098/t/60/assets/custom.js?v=111169970794598951331663753762&enable_js_minification=1, line 388: ReferenceError: membershipCartModal is not defined
1675050786068	Marionette	WARN	Ignoring event 'pageshow' because document has an invalid readyState of 'loading'.
JavaScript warning: https://cdnt.netcoresmartech.com/smartechcode.js?ver=3.32, line 435: unreachable code after return statement
1675050786536	Marionette	WARN	TimedPromise timed out after 500 ms: stacktrace:
TimedPromise/<@chrome://remote/content/marionette/sync.js:235:19
TimedPromise@chrome://remote/content/marionette/sync.js:220:10
interaction.flushEventLoop@chrome://remote/content/marionette/interaction.js:431:10
webdriverClickElement@chrome://remote/content/marionette/interaction.js:179:31
JavaScript warning: https://cdnt.netcoresmartech.com/smartechcode.js?ver=3.32, line 435: unreachable code after return statement
JavaScript error: https://cdnt.netcoresmartech.com/smartechcode.js?ver=3.32, line 48: TypeError: SmartechApp is null
JavaScript error: https://cdnt.netcoresmartech.com/smartechcode.js?ver=3.32, line 48: TypeError: SmartechApp is null
JavaScript warning: https://cdnt.netcoresmartech.com/smartechcode.js?ver=3.32, line 435: unreachable code after return statement
JavaScript error: https://cdnt.netcoresmartech.com/smartechcode.js?ver=3.32, line 48: TypeError: SmartechApp is null
JavaScript error: https://cdn.myshopapps.com/iwish/iwishlist_v2.js, line 1: ReferenceError: iwish_cid is not defined
JavaScript error: https://cdn.shopify.com/s/files/1/0601/1093/0098/t/60/assets/custom.js?v=111169970794598951331663753762&enable_js_minification=1, line 388: ReferenceError: membershipCartModal is not defined
JavaScript error: https://www.relove.in/script-tags/orders-page.js?shop=chumbakdesign.myshopify.com, line 1: SyntaxError: redeclaration of const shop_re
JavaScript error: https://www.relove.in/script-tags/orders-page.js?shop=chumbakdesign.myshopify.com, line 1: SyntaxError: redeclaration of const shop_re
1675050789197	Marionette	WARN	TimedPromise timed out after 500 ms: stacktrace:
TimedPromise/<@chrome://remote/content/marionette/sync.js:235:19
TimedPromise@chrome://remote/content/marionette/sync.js:220:10
interaction.flushEventLoop@chrome://remote/content/marionette/interaction.js:431:10
webdriverClickElement@chrome://remote/content/marionette/interaction.js:179:31
JavaScript error: https://cdn.shopify.com/s/files/1/0601/1093/0098/t/60/assets/custom.js?v=111169970794598951331663753762&enable_js_minification=1, line 388: ReferenceError: membershipCartModal is not defined
JavaScript warning: https://cdnt.netcoresmartech.com/smartechcode.js?ver=3.32, line 435: unreachable code after return statement
console.warn: LoginRecipes: "getRecipes: falling back to a synchronous message for:" "https://www.chumbak.com"
console.warn: LoginRecipes: "getRecipes: falling back to a synchronous message for:" "https://www.chumbak.com"
1675050796543	Marionette	WARN	Ignoring event 'DOMContentLoaded' because document has an invalid readyState of 'complete'.
JavaScript error: https://www.relove.in/script-tags/orders-page.js?shop=chumbakdesign.myshopify.com, line 1: SyntaxError: redeclaration of const shop_re
JavaScript error: https://www.relove.in/script-tags/orders-page.js?shop=chumbakdesign.myshopify.com, line 1: SyntaxError: redeclaration of const shop_re
1675050796887	Marionette	WARN	TimedPromise timed out after 500 ms: stacktrace:
TimedPromise/<@chrome://remote/content/marionette/sync.js:235:19
TimedPromise@chrome://remote/content/marionette/sync.js:220:10
interaction.flushEventLoop@chrome://remote/content/marionette/interaction.js:431:10
webdriverClickElement@chrome://remote/content/marionette/interaction.js:179:31
JavaScript error: https://cdn.myshopapps.com/iwish/iwishlist_v2.js, line 1: ReferenceError: iwish_cid is not defined
JavaScript warning: https://cdnt.netcoresmartech.com/smartechcode.js?ver=3.32, line 435: unreachable code after return statement
JavaScript warning: https://cdnt.netcoresmartech.com/smartechcode.js?ver=3.32, line 435: unreachable code after return statement
JavaScript error: https://cdnt.netcoresmartech.com/smartechcode.js?ver=3.32, line 1033: ReferenceError: smartech is not defined
JavaScript error: https://cdnt.netcoresmartech.com/smartechcode.js?ver=3.32, line 1033: ReferenceError: smartech is not defined
1675050800478	Marionette	WARN	Ignoring event 'pageshow' because document has an invalid readyState of 'loading'.
1675050800680	Marionette	INFO	Stopped listening on port 50146

###!!! [Child][PContentChild] Error: RunMessage(msgname=PContent::Msg_DestroyBrowsingContextGroup) Channel closing: too late to send/recv, messages will be lost


###!!! [Parent][PGPUParent] Error: RunMessage(msgname=PGPU::Msg_ShutdownVR) Channel closing: too late to send/recv, messages will be lost

